<?xml version="1.0" encoding="UTF-8"?>
<testng-results ignored="0" total="1" passed="1" failed="0" skipped="0">
  <reporter-output>
  </reporter-output>
  <suite started-at="2023-12-11T17:36:20 IST" name="Default suite" finished-at="2023-12-11T17:38:04 IST" duration-ms="104124">
    <groups>
    </groups>
    <test started-at="2023-12-11T17:36:20 IST" name="Default test" finished-at="2023-12-11T17:38:04 IST" duration-ms="104124">
      <class name="front_test.Front_test_Scenario">
        <test-method signature="VerifySignin_forgotpswd_registrationflow_blog_contact_footer_withNegativeflow()[pri:3, instance:front_test.Front_test_Scenario@689604d9]" started-at="2023-12-11T17:36:20 IST" name="VerifySignin_forgotpswd_registrationflow_blog_contact_footer_withNegativeflow" finished-at="2023-12-11T17:38:04 IST" duration-ms="104067" status="PASS">
          <reporter-output>
          </reporter-output>
        </test-method> <!-- VerifySignin_forgotpswd_registrationflow_blog_contact_footer_withNegativeflow -->
      </class> <!-- front_test.Front_test_Scenario -->
    </test> <!-- Default test -->
  </suite> <!-- Default suite -->
</testng-results>
