<?xml version="1.0" encoding="UTF-8"?>
<testng-results ignored="0" total="1" passed="1" failed="0" skipped="0">
  <reporter-output>
  </reporter-output>
  <suite started-at="2023-12-23T15:04:14 IST" name="Default suite" finished-at="2023-12-23T15:05:34 IST" duration-ms="80809">
    <groups>
    </groups>
    <test started-at="2023-12-23T15:04:14 IST" name="Default test" finished-at="2023-12-23T15:05:34 IST" duration-ms="80809">
      <class name="front_test.Front_test_Scenario">
        <test-method is-config="true" signature="beforeTest()[pri:0, instance:front_test.Front_test_Scenario@2d1ef81a]" started-at="2023-12-23T15:04:14 IST" name="beforeTest" finished-at="2023-12-23T15:04:14 IST" duration-ms="234" status="PASS">
          <reporter-output>
          </reporter-output>
        </test-method> <!-- beforeTest -->
        <test-method signature="VerifyRegistrationflowPositiveflow()[pri:0, instance:front_test.Front_test_Scenario@2d1ef81a]" started-at="2023-12-23T15:04:14 IST" name="VerifyRegistrationflowPositiveflow" finished-at="2023-12-23T15:05:32 IST" duration-ms="78040" status="PASS">
          <reporter-output>
          </reporter-output>
        </test-method> <!-- VerifyRegistrationflowPositiveflow -->
        <test-method is-config="true" signature="takeScreenshotTest(org.testng.ITestResult)[pri:0, instance:front_test.Front_test_Scenario@2d1ef81a]" started-at="2023-12-23T15:05:32 IST" name="takeScreenshotTest" finished-at="2023-12-23T15:05:34 IST" duration-ms="2490" status="PASS">
          <params>
            <param index="0">
              <value>
                <![CDATA[[TestResult name=VerifyRegistrationflowPositiveflow status=SUCCESS method=Front_test_Scenario.VerifyRegistrationflowPositiveflow()[pri:0, instance:front_test.Front_test_Scenario@2d1ef81a] output={null}]]]>
              </value>
            </param>
          </params>
          <reporter-output>
          </reporter-output>
        </test-method> <!-- takeScreenshotTest -->
      </class> <!-- front_test.Front_test_Scenario -->
    </test> <!-- Default test -->
  </suite> <!-- Default suite -->
</testng-results>
