<?xml version="1.0" encoding="UTF-8"?>
<testng-results ignored="0" total="1" passed="1" failed="0" skipped="0">
  <reporter-output>
  </reporter-output>
  <suite started-at="2023-11-29T17:59:38 IST" name="Default suite" finished-at="2023-11-29T18:03:38 IST" duration-ms="239418">
    <groups>
    </groups>
    <test started-at="2023-11-29T17:59:38 IST" name="Default test" finished-at="2023-11-29T18:03:38 IST" duration-ms="239418">
      <class name="admin_test.Admin_test_Scenario">
        <test-method signature="VerifyadminPositiveflow()[pri:0, instance:admin_test.Admin_test_Scenario@6bbe85a8]" started-at="2023-11-29T17:59:38 IST" name="VerifyadminPositiveflow" finished-at="2023-11-29T18:03:38 IST" duration-ms="239364" status="PASS">
          <reporter-output>
          </reporter-output>
        </test-method> <!-- VerifyadminPositiveflow -->
      </class> <!-- admin_test.Admin_test_Scenario -->
    </test> <!-- Default test -->
  </suite> <!-- Default suite -->
</testng-results>
